!SESSION 2022-11-21 22:57:08.210 -----------------------------------------------
eclipse.buildId=4.25.0.I20220831-1800
java.version=17.0.5
java.vendor=Eclipse Adoptium
BootLoader constants: OS=win32, ARCH=x86_64, WS=win32, NL=fr_FR
Framework arguments:  -product org.eclipse.epp.package.java.product
Command-line arguments:  -os win32 -ws win32 -arch x86_64 -product org.eclipse.epp.package.java.product

!ENTRY org.eclipse.jface 2 0 2022-11-21 23:03:34.387
!MESSAGE Keybinding conflicts occurred.  They may interfere with normal accelerator operation.
!SUBENTRY 1 org.eclipse.jface 2 0 2022-11-21 23:03:34.387
!MESSAGE A conflict occurred for CTRL+SHIFT+T:
Binding(CTRL+SHIFT+T,
	ParameterizedCommand(Command(org.eclipse.jdt.ui.navigate.open.type,Open Type,
		Open a type in a Java editor,
		Category(org.eclipse.ui.category.navigate,Navigate,null,true),
		WorkbenchHandlerServiceHandler("org.eclipse.jdt.ui.navigate.open.type"),
		,,true),null),
	org.eclipse.ui.defaultAcceleratorConfiguration,
	org.eclipse.ui.contexts.window,,,system)
Binding(CTRL+SHIFT+T,
	ParameterizedCommand(Command(org.eclipse.lsp4e.symbolinworkspace,Go to Symbol in Workspace,
		,
		Category(org.eclipse.lsp4e.category,Language Servers,null,true),
		WorkbenchHandlerServiceHandler("org.eclipse.lsp4e.symbolinworkspace"),
		,,true),null),
	org.eclipse.ui.defaultAcceleratorConfiguration,
	org.eclipse.ui.contexts.window,,,system)
!SUBENTRY 1 org.eclipse.jface 2 0 2022-11-21 23:03:34.387
!MESSAGE A conflict occurred for ALT+SHIFT+R:
Binding(ALT+SHIFT+R,
	ParameterizedCommand(Command(org.eclipse.jdt.ui.edit.text.java.rename.element,Rename - Refactoring ,
		Rename the selected element,
		Category(org.eclipse.jdt.ui.category.refactoring,Refactor - Java,Java Refactoring Actions,true),
		WorkbenchHandlerServiceHandler("org.eclipse.jdt.ui.edit.text.java.rename.element"),
		,,true),null),
	org.eclipse.ui.defaultAcceleratorConfiguration,
	org.eclipse.ui.contexts.window,,,system)
Binding(ALT+SHIFT+R,
	ParameterizedCommand(Command(org.eclipse.ui.edit.rename,Rename,
		Rename the selected item,
		Category(org.eclipse.ui.category.file,File,null,true),
		WorkbenchHandlerServiceHandler("org.eclipse.ui.edit.rename"),
		,,true),null),
	org.eclipse.ui.defaultAcceleratorConfiguration,
	org.eclipse.ui.contexts.window,,,system)

!ENTRY org.eclipse.egit.ui 2 0 2022-11-21 23:03:39.637
!MESSAGE Warning: The environment variable HOME is not set. The following directory will be used to store the Git
user global configuration and to define the default location to store repositories: 'C:\Users\agib3'. If this is
not correct please set the HOME environment variable and restart Eclipse. Otherwise Git for Windows and
EGit might behave differently since they see different configuration options.
This warning can be switched off on the Team > Git > Confirmations and Warnings preference page.
!SESSION 2022-11-21 23:10:28.160 -----------------------------------------------
eclipse.buildId=4.25.0.I20220831-1800
java.version=17.0.5
java.vendor=Eclipse Adoptium
BootLoader constants: OS=win32, ARCH=x86_64, WS=win32, NL=fr_FR
Framework arguments:  -product org.eclipse.epp.package.java.product
Command-line arguments:  -os win32 -ws win32 -arch x86_64 -product org.eclipse.epp.package.java.product

!ENTRY org.eclipse.jface 2 0 2022-11-21 23:10:47.340
!MESSAGE Keybinding conflicts occurred.  They may interfere with normal accelerator operation.
!SUBENTRY 1 org.eclipse.jface 2 0 2022-11-21 23:10:47.340
!MESSAGE A conflict occurred for CTRL+SHIFT+T:
Binding(CTRL+SHIFT+T,
	ParameterizedCommand(Command(org.eclipse.jdt.ui.navigate.open.type,Open Type,
		Open a type in a Java editor,
		Category(org.eclipse.ui.category.navigate,Navigate,null,true),
		WorkbenchHandlerServiceHandler("org.eclipse.jdt.ui.navigate.open.type"),
		,,true),null),
	org.eclipse.ui.defaultAcceleratorConfiguration,
	org.eclipse.ui.contexts.window,,,system)
Binding(CTRL+SHIFT+T,
	ParameterizedCommand(Command(org.eclipse.lsp4e.symbolinworkspace,Go to Symbol in Workspace,
		,
		Category(org.eclipse.lsp4e.category,Language Servers,null,true),
		WorkbenchHandlerServiceHandler("org.eclipse.lsp4e.symbolinworkspace"),
		,,true),null),
	org.eclipse.ui.defaultAcceleratorConfiguration,
	org.eclipse.ui.contexts.window,,,system)
!SUBENTRY 1 org.eclipse.jface 2 0 2022-11-21 23:10:47.340
!MESSAGE A conflict occurred for ALT+SHIFT+R:
Binding(ALT+SHIFT+R,
	ParameterizedCommand(Command(org.eclipse.jdt.ui.edit.text.java.rename.element,Rename - Refactoring ,
		Rename the selected element,
		Category(org.eclipse.jdt.ui.category.refactoring,Refactor - Java,Java Refactoring Actions,true),
		WorkbenchHandlerServiceHandler("org.eclipse.jdt.ui.edit.text.java.rename.element"),
		,,true),null),
	org.eclipse.ui.defaultAcceleratorConfiguration,
	org.eclipse.ui.contexts.window,,,system)
Binding(ALT+SHIFT+R,
	ParameterizedCommand(Command(org.eclipse.ui.edit.rename,Rename,
		Rename the selected item,
		Category(org.eclipse.ui.category.file,File,null,true),
		WorkbenchHandlerServiceHandler("org.eclipse.ui.edit.rename"),
		,,true),null),
	org.eclipse.ui.defaultAcceleratorConfiguration,
	org.eclipse.ui.contexts.window,,,system)

!ENTRY org.eclipse.egit.ui 2 0 2022-11-21 23:10:49.462
!MESSAGE Warning: The environment variable HOME is not set. The following directory will be used to store the Git
user global configuration and to define the default location to store repositories: 'C:\Users\agib3'. If this is
not correct please set the HOME environment variable and restart Eclipse. Otherwise Git for Windows and
EGit might behave differently since they see different configuration options.
This warning can be switched off on the Team > Git > Confirmations and Warnings preference page.
!SESSION 2022-11-22 08:02:47.754 -----------------------------------------------
eclipse.buildId=4.25.0.I20220831-1800
java.version=17.0.5
java.vendor=Eclipse Adoptium
BootLoader constants: OS=win32, ARCH=x86_64, WS=win32, NL=fr_FR
Framework arguments:  -product org.eclipse.epp.package.java.product
Command-line arguments:  -os win32 -ws win32 -arch x86_64 -product org.eclipse.epp.package.java.product

!ENTRY org.eclipse.jface 2 0 2022-11-22 08:03:35.242
!MESSAGE Keybinding conflicts occurred.  They may interfere with normal accelerator operation.
!SUBENTRY 1 org.eclipse.jface 2 0 2022-11-22 08:03:35.242
!MESSAGE A conflict occurred for CTRL+SHIFT+T:
Binding(CTRL+SHIFT+T,
	ParameterizedCommand(Command(org.eclipse.jdt.ui.navigate.open.type,Open Type,
		Open a type in a Java editor,
		Category(org.eclipse.ui.category.navigate,Navigate,null,true),
		WorkbenchHandlerServiceHandler("org.eclipse.jdt.ui.navigate.open.type"),
		,,true),null),
	org.eclipse.ui.defaultAcceleratorConfiguration,
	org.eclipse.ui.contexts.window,,,system)
Binding(CTRL+SHIFT+T,
	ParameterizedCommand(Command(org.eclipse.lsp4e.symbolinworkspace,Go to Symbol in Workspace,
		,
		Category(org.eclipse.lsp4e.category,Language Servers,null,true),
		WorkbenchHandlerServiceHandler("org.eclipse.lsp4e.symbolinworkspace"),
		,,true),null),
	org.eclipse.ui.defaultAcceleratorConfiguration,
	org.eclipse.ui.contexts.window,,,system)
!SUBENTRY 1 org.eclipse.jface 2 0 2022-11-22 08:03:35.242
!MESSAGE A conflict occurred for ALT+SHIFT+R:
Binding(ALT+SHIFT+R,
	ParameterizedCommand(Command(org.eclipse.jdt.ui.edit.text.java.rename.element,Rename - Refactoring ,
		Rename the selected element,
		Category(org.eclipse.jdt.ui.category.refactoring,Refactor - Java,Java Refactoring Actions,true),
		WorkbenchHandlerServiceHandler("org.eclipse.jdt.ui.edit.text.java.rename.element"),
		,,true),null),
	org.eclipse.ui.defaultAcceleratorConfiguration,
	org.eclipse.ui.contexts.window,,,system)
Binding(ALT+SHIFT+R,
	ParameterizedCommand(Command(org.eclipse.ui.edit.rename,Rename,
		Rename the selected item,
		Category(org.eclipse.ui.category.file,File,null,true),
		WorkbenchHandlerServiceHandler("org.eclipse.ui.edit.rename"),
		,,true),null),
	org.eclipse.ui.defaultAcceleratorConfiguration,
	org.eclipse.ui.contexts.window,,,system)

!ENTRY org.eclipse.egit.ui 2 0 2022-11-22 08:03:39.394
!MESSAGE Warning: The environment variable HOME is not set. The following directory will be used to store the Git
user global configuration and to define the default location to store repositories: 'C:\Users\agib3'. If this is
not correct please set the HOME environment variable and restart Eclipse. Otherwise Git for Windows and
EGit might behave differently since they see different configuration options.
This warning can be switched off on the Team > Git > Confirmations and Warnings preference page.

!ENTRY org.eclipse.jface 4 2 2022-11-22 08:20:13.065
!MESSAGE Problems occurred when invoking code from plug-in: "org.eclipse.jface".
!STACK 0
java.lang.ClassCastException: class org.eclipse.core.internal.resources.File cannot be cast to class org.eclipse.core.resources.IProject (org.eclipse.core.internal.resources.File and org.eclipse.core.resources.IProject are in unnamed module of loader org.eclipse.osgi.internal.loader.EquinoxClassLoader @43d9f1a2)
	at org.eclipse.jdt.internal.ui.preferences.PropertyAndPreferencePage.setElement(PropertyAndPreferencePage.java:327)
	at org.eclipse.ui.internal.dialogs.RegistryPageContributor.createPage(RegistryPageContributor.java:145)
	at org.eclipse.ui.internal.dialogs.PropertyPageNode.createPage(PropertyPageNode.java:60)
	at org.eclipse.jface.preference.PreferenceDialog.createPage(PreferenceDialog.java:1280)
	at org.eclipse.ui.internal.dialogs.FilteredPreferenceDialog.createPage(FilteredPreferenceDialog.java:338)
	at org.eclipse.jface.preference.PreferenceDialog.showPage(PreferenceDialog.java:1166)
	at org.eclipse.ui.internal.dialogs.FilteredPreferenceDialog.showPage(FilteredPreferenceDialog.java:630)
	at org.eclipse.jface.preference.PreferenceDialog$5.lambda$0(PreferenceDialog.java:660)
	at org.eclipse.swt.custom.BusyIndicator.showWhile(BusyIndicator.java:74)
	at org.eclipse.jface.preference.PreferenceDialog$5.selectionChanged(PreferenceDialog.java:657)
	at org.eclipse.jface.viewers.StructuredViewer$3.run(StructuredViewer.java:821)
	at org.eclipse.core.runtime.SafeRunner.run(SafeRunner.java:45)
	at org.eclipse.jface.util.SafeRunnable.run(SafeRunnable.java:174)
	at org.eclipse.jface.viewers.StructuredViewer.firePostSelectionChanged(StructuredViewer.java:818)
	at org.eclipse.jface.viewers.StructuredViewer.handlePostSelect(StructuredViewer.java:1191)
	at org.eclipse.swt.events.SelectionListener$1.widgetSelected(SelectionListener.java:84)
	at org.eclipse.jface.util.OpenStrategy.firePostSelectionEvent(OpenStrategy.java:284)
	at org.eclipse.jface.util.OpenStrategy$1.lambda$1(OpenStrategy.java:438)
	at org.eclipse.swt.widgets.RunnableLock.run(RunnableLock.java:40)
	at org.eclipse.swt.widgets.Synchronizer.runAsyncMessages(Synchronizer.java:132)
	at org.eclipse.swt.widgets.Display.runAsyncMessages(Display.java:4043)
	at org.eclipse.swt.widgets.Display.readAndDispatch(Display.java:3648)
	at org.eclipse.jface.window.Window.runEventLoop(Window.java:823)
	at org.eclipse.jface.window.Window.open(Window.java:799)
	at org.eclipse.ui.dialogs.PropertyDialogAction.run(PropertyDialogAction.java:155)
	at org.eclipse.jface.action.Action.runWithEvent(Action.java:474)
	at org.eclipse.jface.action.ActionContributionItem.handleWidgetSelection(ActionContributionItem.java:580)
	at org.eclipse.jface.action.ActionContributionItem.lambda$4(ActionContributionItem.java:414)
	at org.eclipse.swt.widgets.EventTable.sendEvent(EventTable.java:89)
	at org.eclipse.swt.widgets.Display.sendEvent(Display.java:4251)
	at org.eclipse.swt.widgets.Widget.sendEvent(Widget.java:1066)
	at org.eclipse.swt.widgets.Display.runDeferredEvents(Display.java:4068)
	at org.eclipse.swt.widgets.Display.readAndDispatch(Display.java:3645)
	at org.eclipse.e4.ui.internal.workbench.swt.PartRenderingEngine$5.run(PartRenderingEngine.java:1155)
	at org.eclipse.core.databinding.observable.Realm.runWithDefault(Realm.java:338)
	at org.eclipse.e4.ui.internal.workbench.swt.PartRenderingEngine.run(PartRenderingEngine.java:1046)
	at org.eclipse.e4.ui.internal.workbench.E4Workbench.createAndRunUI(E4Workbench.java:155)
	at org.eclipse.ui.internal.Workbench.lambda$3(Workbench.java:643)
	at org.eclipse.core.databinding.observable.Realm.runWithDefault(Realm.java:338)
	at org.eclipse.ui.internal.Workbench.createAndRunWorkbench(Workbench.java:550)
	at org.eclipse.ui.PlatformUI.createAndRunWorkbench(PlatformUI.java:171)
	at org.eclipse.ui.internal.ide.application.IDEApplication.start(IDEApplication.java:152)
	at org.eclipse.equinox.internal.app.EclipseAppHandle.run(EclipseAppHandle.java:203)
	at org.eclipse.core.runtime.internal.adaptor.EclipseAppLauncher.runApplication(EclipseAppLauncher.java:136)
	at org.eclipse.core.runtime.internal.adaptor.EclipseAppLauncher.start(EclipseAppLauncher.java:104)
	at org.eclipse.core.runtime.adaptor.EclipseStarter.run(EclipseStarter.java:402)
	at org.eclipse.core.runtime.adaptor.EclipseStarter.run(EclipseStarter.java:255)
	at java.base/jdk.internal.reflect.NativeMethodAccessorImpl.invoke0(Native Method)
	at java.base/jdk.internal.reflect.NativeMethodAccessorImpl.invoke(NativeMethodAccessorImpl.java:77)
	at java.base/jdk.internal.reflect.DelegatingMethodAccessorImpl.invoke(DelegatingMethodAccessorImpl.java:43)
	at java.base/java.lang.reflect.Method.invoke(Method.java:568)
	at org.eclipse.equinox.launcher.Main.invokeFramework(Main.java:659)
	at org.eclipse.equinox.launcher.Main.basicRun(Main.java:596)
	at org.eclipse.equinox.launcher.Main.run(Main.java:1467)

!ENTRY org.eclipse.jdt.ui 4 10001 2022-11-22 09:11:49.206
!MESSAGE Internal Error
!STACK 1
Java Model Exception: java.io.IOException: Server returned HTTP response code: 500 for URL: https://docs.oracle.com/pls/rdman/handle404?X_ORCL_404path=%2fen%2fjava%2fjavase%2f17%2fdocs%2fapi%2fjava%2frmi%2fpackage-summary.html
	at org.eclipse.jdt.internal.core.JavaElement.getURLContents(JavaElement.java:943)
	at org.eclipse.jdt.internal.core.PackageFragment.getAttachedJavadoc(PackageFragment.java:587)
	at org.eclipse.jdt.internal.ui.text.javadoc.JavadocContentAccess2.getHTMLContent(JavadocContentAccess2.java:2173)
	at org.eclipse.jdt.internal.ui.text.javadoc.JavadocContentAccess2.getHTMLContent(JavadocContentAccess2.java:510)
	at org.eclipse.jdt.internal.ui.text.java.ProposalInfo.extractJavadoc(ProposalInfo.java:93)
	at org.eclipse.jdt.internal.ui.text.java.ProposalInfo.computeInfo(ProposalInfo.java:78)
	at org.eclipse.jdt.internal.ui.text.java.ProposalInfo.getInfo(ProposalInfo.java:63)
	at org.eclipse.jdt.internal.ui.text.java.AbstractJavaCompletionProposal.getAdditionalProposalInfo(AbstractJavaCompletionProposal.java:583)
	at org.eclipse.jface.text.contentassist.AdditionalInfoController$Timer$2$1.run(AdditionalInfoController.java:116)
	at org.eclipse.core.internal.jobs.Worker.run(Worker.java:63)
Caused by: java.io.IOException: Server returned HTTP response code: 500 for URL: https://docs.oracle.com/pls/rdman/handle404?X_ORCL_404path=%2fen%2fjava%2fjavase%2f17%2fdocs%2fapi%2fjava%2frmi%2fpackage-summary.html
	at java.base/jdk.internal.reflect.NativeConstructorAccessorImpl.newInstance0(Native Method)
	at java.base/jdk.internal.reflect.NativeConstructorAccessorImpl.newInstance(NativeConstructorAccessorImpl.java:77)
	at java.base/jdk.internal.reflect.DelegatingConstructorAccessorImpl.newInstance(DelegatingConstructorAccessorImpl.java:45)
	at java.base/java.lang.reflect.Constructor.newInstanceWithCaller(Constructor.java:499)
	at java.base/java.lang.reflect.Constructor.newInstance(Constructor.java:480)
	at java.base/sun.net.www.protocol.http.HttpURLConnection$10.run(HttpURLConnection.java:2048)
	at java.base/sun.net.www.protocol.http.HttpURLConnection$10.run(HttpURLConnection.java:2043)
	at java.base/java.security.AccessController.doPrivileged(AccessController.java:569)
	at java.base/sun.net.www.protocol.http.HttpURLConnection.getChainedException(HttpURLConnection.java:2042)
	at java.base/sun.net.www.protocol.http.HttpURLConnection.getInputStream0(HttpURLConnection.java:1609)
	at java.base/sun.net.www.protocol.http.HttpURLConnection.getInputStream(HttpURLConnection.java:1589)
	at java.base/sun.net.www.protocol.https.HttpsURLConnectionImpl.getInputStream(HttpsURLConnectionImpl.java:224)
	at org.eclipse.jdt.internal.core.JavaElement.getURLContents(JavaElement.java:888)
	... 9 more
Caused by: java.io.IOException: Server returned HTTP response code: 500 for URL: https://docs.oracle.com/pls/rdman/handle404?X_ORCL_404path=%2fen%2fjava%2fjavase%2f17%2fdocs%2fapi%2fjava%2frmi%2fpackage-summary.html
	at java.base/sun.net.www.protocol.http.HttpURLConnection.getInputStream0(HttpURLConnection.java:1997)
	at java.base/sun.net.www.protocol.http.HttpURLConnection.getInputStream(HttpURLConnection.java:1589)
	at java.base/java.net.HttpURLConnection.getResponseCode(HttpURLConnection.java:529)
	at java.base/sun.net.www.protocol.https.HttpsURLConnectionImpl.getResponseCode(HttpsURLConnectionImpl.java:308)
	at org.eclipse.jdt.internal.core.JavaElement.getURLContents(JavaElement.java:874)
	... 9 more
Caused by: java.io.IOException: Server returned HTTP response code: 500 for URL: https://docs.oracle.com/pls/rdman/handle404?X_ORCL_404path=%2fen%2fjava%2fjavase%2f17%2fdocs%2fapi%2fjava%2frmi%2fpackage-summary.html
	at java.base/jdk.internal.reflect.NativeConstructorAccessorImpl.newInstance0(Native Method)
	at java.base/jdk.internal.reflect.NativeConstructorAccessorImpl.newInstance(NativeConstructorAccessorImpl.java:77)
	at java.base/jdk.internal.reflect.DelegatingConstructorAccessorImpl.newInstance(DelegatingConstructorAccessorImpl.java:45)
	at java.base/java.lang.reflect.Constructor.newInstanceWithCaller(Constructor.java:499)
	at java.base/java.lang.reflect.Constructor.newInstance(Constructor.java:480)
	at java.base/sun.net.www.protocol.http.HttpURLConnection$10.run(HttpURLConnection.java:2048)
	at java.base/sun.net.www.protocol.http.HttpURLConnection$10.run(HttpURLConnection.java:2043)
	at java.base/java.security.AccessController.doPrivileged(AccessController.java:569)
	at java.base/sun.net.www.protocol.http.HttpURLConnection.getChainedException(HttpURLConnection.java:2042)
	at java.base/sun.net.www.protocol.http.HttpURLConnection.getInputStream0(HttpURLConnection.java:1609)
	at java.base/sun.net.www.protocol.http.HttpURLConnection.getInputStream(HttpURLConnection.java:1589)
	at java.base/sun.net.www.protocol.https.HttpsURLConnectionImpl.getInputStream(HttpsURLConnectionImpl.java:224)
	at org.eclipse.jdt.internal.core.JavaElement.getURLContents(JavaElement.java:888)
	at org.eclipse.jdt.internal.core.PackageFragment.getAttachedJavadoc(PackageFragment.java:587)
	at org.eclipse.jdt.internal.ui.text.javadoc.JavadocContentAccess2.getHTMLContent(JavadocContentAccess2.java:2173)
	at org.eclipse.jdt.internal.ui.text.javadoc.JavadocContentAccess2.getHTMLContent(JavadocContentAccess2.java:510)
	at org.eclipse.jdt.internal.ui.text.java.ProposalInfo.extractJavadoc(ProposalInfo.java:93)
	at org.eclipse.jdt.internal.ui.text.java.ProposalInfo.computeInfo(ProposalInfo.java:78)
	at org.eclipse.jdt.internal.ui.text.java.ProposalInfo.getInfo(ProposalInfo.java:63)
	at org.eclipse.jdt.internal.ui.text.java.AbstractJavaCompletionProposal.getAdditionalProposalInfo(AbstractJavaCompletionProposal.java:583)
	at org.eclipse.jface.text.contentassist.AdditionalInfoController$Timer$2$1.run(AdditionalInfoController.java:116)
	at org.eclipse.core.internal.jobs.Worker.run(Worker.java:63)
Caused by: java.io.IOException: Server returned HTTP response code: 500 for URL: https://docs.oracle.com/pls/rdman/handle404?X_ORCL_404path=%2fen%2fjava%2fjavase%2f17%2fdocs%2fapi%2fjava%2frmi%2fpackage-summary.html
	at java.base/sun.net.www.protocol.http.HttpURLConnection.getInputStream0(HttpURLConnection.java:1997)
	at java.base/sun.net.www.protocol.http.HttpURLConnection.getInputStream(HttpURLConnection.java:1589)
	at java.base/java.net.HttpURLConnection.getResponseCode(HttpURLConnection.java:529)
	at java.base/sun.net.www.protocol.https.HttpsURLConnectionImpl.getResponseCode(HttpsURLConnectionImpl.java:308)
	at org.eclipse.jdt.internal.core.JavaElement.getURLContents(JavaElement.java:874)
	... 9 more
!SUBENTRY 1 org.eclipse.jdt.core 4 985 2022-11-22 09:11:49.208
!MESSAGE Server returned HTTP response code: 500 for URL: https://docs.oracle.com/pls/rdman/handle404?X_ORCL_404path=%2fen%2fjava%2fjavase%2f17%2fdocs%2fapi%2fjava%2frmi%2fpackage-summary.html
!STACK 0
java.io.IOException: Server returned HTTP response code: 500 for URL: https://docs.oracle.com/pls/rdman/handle404?X_ORCL_404path=%2fen%2fjava%2fjavase%2f17%2fdocs%2fapi%2fjava%2frmi%2fpackage-summary.html
	at java.base/jdk.internal.reflect.NativeConstructorAccessorImpl.newInstance0(Native Method)
	at java.base/jdk.internal.reflect.NativeConstructorAccessorImpl.newInstance(NativeConstructorAccessorImpl.java:77)
	at java.base/jdk.internal.reflect.DelegatingConstructorAccessorImpl.newInstance(DelegatingConstructorAccessorImpl.java:45)
	at java.base/java.lang.reflect.Constructor.newInstanceWithCaller(Constructor.java:499)
	at java.base/java.lang.reflect.Constructor.newInstance(Constructor.java:480)
	at java.base/sun.net.www.protocol.http.HttpURLConnection$10.run(HttpURLConnection.java:2048)
	at java.base/sun.net.www.protocol.http.HttpURLConnection$10.run(HttpURLConnection.java:2043)
	at java.base/java.security.AccessController.doPrivileged(AccessController.java:569)
	at java.base/sun.net.www.protocol.http.HttpURLConnection.getChainedException(HttpURLConnection.java:2042)
	at java.base/sun.net.www.protocol.http.HttpURLConnection.getInputStream0(HttpURLConnection.java:1609)
	at java.base/sun.net.www.protocol.http.HttpURLConnection.getInputStream(HttpURLConnection.java:1589)
	at java.base/sun.net.www.protocol.https.HttpsURLConnectionImpl.getInputStream(HttpsURLConnectionImpl.java:224)
	at org.eclipse.jdt.internal.core.JavaElement.getURLContents(JavaElement.java:888)
	at org.eclipse.jdt.internal.core.PackageFragment.getAttachedJavadoc(PackageFragment.java:587)
	at org.eclipse.jdt.internal.ui.text.javadoc.JavadocContentAccess2.getHTMLContent(JavadocContentAccess2.java:2173)
	at org.eclipse.jdt.internal.ui.text.javadoc.JavadocContentAccess2.getHTMLContent(JavadocContentAccess2.java:510)
	at org.eclipse.jdt.internal.ui.text.java.ProposalInfo.extractJavadoc(ProposalInfo.java:93)
	at org.eclipse.jdt.internal.ui.text.java.ProposalInfo.computeInfo(ProposalInfo.java:78)
	at org.eclipse.jdt.internal.ui.text.java.ProposalInfo.getInfo(ProposalInfo.java:63)
	at org.eclipse.jdt.internal.ui.text.java.AbstractJavaCompletionProposal.getAdditionalProposalInfo(AbstractJavaCompletionProposal.java:583)
	at org.eclipse.jface.text.contentassist.AdditionalInfoController$Timer$2$1.run(AdditionalInfoController.java:116)
	at org.eclipse.core.internal.jobs.Worker.run(Worker.java:63)
Caused by: java.io.IOException: Server returned HTTP response code: 500 for URL: https://docs.oracle.com/pls/rdman/handle404?X_ORCL_404path=%2fen%2fjava%2fjavase%2f17%2fdocs%2fapi%2fjava%2frmi%2fpackage-summary.html
	at java.base/sun.net.www.protocol.http.HttpURLConnection.getInputStream0(HttpURLConnection.java:1997)
	at java.base/sun.net.www.protocol.http.HttpURLConnection.getInputStream(HttpURLConnection.java:1589)
	at java.base/java.net.HttpURLConnection.getResponseCode(HttpURLConnection.java:529)
	at java.base/sun.net.www.protocol.https.HttpsURLConnectionImpl.getResponseCode(HttpsURLConnectionImpl.java:308)
	at org.eclipse.jdt.internal.core.JavaElement.getURLContents(JavaElement.java:874)
	... 9 more
!SESSION 2022-11-22 10:08:47.734 -----------------------------------------------
eclipse.buildId=4.25.0.I20220831-1800
java.version=17.0.5
java.vendor=Eclipse Adoptium
BootLoader constants: OS=win32, ARCH=x86_64, WS=win32, NL=fr_FR
Framework arguments:  -product org.eclipse.epp.package.java.product
Command-line arguments:  -os win32 -ws win32 -arch x86_64 -product org.eclipse.epp.package.java.product

!ENTRY org.eclipse.jface 2 0 2022-11-22 10:08:58.090
!MESSAGE Keybinding conflicts occurred.  They may interfere with normal accelerator operation.
!SUBENTRY 1 org.eclipse.jface 2 0 2022-11-22 10:08:58.090
!MESSAGE A conflict occurred for CTRL+SHIFT+T:
Binding(CTRL+SHIFT+T,
	ParameterizedCommand(Command(org.eclipse.jdt.ui.navigate.open.type,Open Type,
		Open a type in a Java editor,
		Category(org.eclipse.ui.category.navigate,Navigate,null,true),
		WorkbenchHandlerServiceHandler("org.eclipse.jdt.ui.navigate.open.type"),
		,,true),null),
	org.eclipse.ui.defaultAcceleratorConfiguration,
	org.eclipse.ui.contexts.window,,,system)
Binding(CTRL+SHIFT+T,
	ParameterizedCommand(Command(org.eclipse.lsp4e.symbolinworkspace,Go to Symbol in Workspace,
		,
		Category(org.eclipse.lsp4e.category,Language Servers,null,true),
		WorkbenchHandlerServiceHandler("org.eclipse.lsp4e.symbolinworkspace"),
		,,true),null),
	org.eclipse.ui.defaultAcceleratorConfiguration,
	org.eclipse.ui.contexts.window,,,system)
!SUBENTRY 1 org.eclipse.jface 2 0 2022-11-22 10:08:58.090
!MESSAGE A conflict occurred for ALT+SHIFT+R:
Binding(ALT+SHIFT+R,
	ParameterizedCommand(Command(org.eclipse.jdt.ui.edit.text.java.rename.element,Rename - Refactoring ,
		Rename the selected element,
		Category(org.eclipse.jdt.ui.category.refactoring,Refactor - Java,Java Refactoring Actions,true),
		WorkbenchHandlerServiceHandler("org.eclipse.jdt.ui.edit.text.java.rename.element"),
		,,true),null),
	org.eclipse.ui.defaultAcceleratorConfiguration,
	org.eclipse.ui.contexts.window,,,system)
Binding(ALT+SHIFT+R,
	ParameterizedCommand(Command(org.eclipse.ui.edit.rename,Rename,
		Rename the selected item,
		Category(org.eclipse.ui.category.file,File,null,true),
		WorkbenchHandlerServiceHandler("org.eclipse.ui.edit.rename"),
		,,true),null),
	org.eclipse.ui.defaultAcceleratorConfiguration,
	org.eclipse.ui.contexts.window,,,system)

!ENTRY org.eclipse.egit.ui 2 0 2022-11-22 10:09:06.339
!MESSAGE Warning: The environment variable HOME is not set. The following directory will be used to store the Git
user global configuration and to define the default location to store repositories: 'C:\Users\agib3'. If this is
not correct please set the HOME environment variable and restart Eclipse. Otherwise Git for Windows and
EGit might behave differently since they see different configuration options.
This warning can be switched off on the Team > Git > Confirmations and Warnings preference page.
!SESSION 2022-11-22 21:45:08.737 -----------------------------------------------
eclipse.buildId=4.25.0.I20220831-1800
java.version=17.0.5
java.vendor=Eclipse Adoptium
BootLoader constants: OS=win32, ARCH=x86_64, WS=win32, NL=fr_FR
Framework arguments:  -product org.eclipse.epp.package.java.product
Command-line arguments:  -os win32 -ws win32 -arch x86_64 -product org.eclipse.epp.package.java.product

!ENTRY org.eclipse.core.resources 2 10035 2022-11-22 21:45:16.707
!MESSAGE The workspace exited with unsaved changes in the previous session; refreshing workspace to recover changes.

!ENTRY org.eclipse.core.resources 4 567 2022-11-22 21:45:19.035
!MESSAGE Workspace restored, but some problems occurred.
!SUBENTRY 1 org.eclipse.core.resources 4 567 2022-11-22 21:45:19.035
!MESSAGE Could not read metadata for '.org.eclipse.egit.core.cmp'.
!STACK 1
org.eclipse.core.internal.resources.ResourceException(/.org.eclipse.egit.core.cmp)[567]: java.lang.Exception: The project description file (.project) for '.org.eclipse.egit.core.cmp' is missing.  This file contains important information about the project.  The project will not function properly until this file is restored.
	at org.eclipse.core.internal.resources.ResourceException.provideStackTrace(ResourceException.java:42)
	at org.eclipse.core.internal.resources.ResourceException.<init>(ResourceException.java:38)
	at org.eclipse.core.internal.localstore.FileSystemResourceManager.read(FileSystemResourceManager.java:908)
	at org.eclipse.core.internal.resources.SaveManager.restoreMetaInfo(SaveManager.java:895)
	at org.eclipse.core.internal.resources.SaveManager.restoreMetaInfo(SaveManager.java:875)
	at org.eclipse.core.internal.resources.SaveManager.restore(SaveManager.java:731)
	at org.eclipse.core.internal.resources.SaveManager.startup(SaveManager.java:1587)
	at org.eclipse.core.internal.resources.Workspace.startup(Workspace.java:2547)
	at org.eclipse.core.internal.resources.Workspace.open(Workspace.java:2252)
	at org.eclipse.core.resources.ResourcesPlugin$WorkspaceInitCustomizer.addingService(ResourcesPlugin.java:571)
	at org.eclipse.core.resources.ResourcesPlugin$WorkspaceInitCustomizer.addingService(ResourcesPlugin.java:1)
	at org.osgi.util.tracker.ServiceTracker$Tracked.customizerAdding(ServiceTracker.java:943)
	at org.osgi.util.tracker.ServiceTracker$Tracked.customizerAdding(ServiceTracker.java:1)
	at org.osgi.util.tracker.AbstractTracked.trackAdding(AbstractTracked.java:256)
	at org.osgi.util.tracker.AbstractTracked.trackInitial(AbstractTracked.java:183)
	at org.osgi.util.tracker.ServiceTracker.open(ServiceTracker.java:321)
	at org.osgi.util.tracker.ServiceTracker.open(ServiceTracker.java:264)
	at org.eclipse.core.resources.ResourcesPlugin.start(ResourcesPlugin.java:545)
	at org.eclipse.osgi.internal.framework.BundleContextImpl$2.run(BundleContextImpl.java:818)
	at org.eclipse.osgi.internal.framework.BundleContextImpl$2.run(BundleContextImpl.java:1)
	at java.base/java.security.AccessController.doPrivileged(AccessController.java:569)
	at org.eclipse.osgi.internal.framework.BundleContextImpl.startActivator(BundleContextImpl.java:810)
	at org.eclipse.osgi.internal.framework.BundleContextImpl.start(BundleContextImpl.java:767)
	at org.eclipse.osgi.internal.framework.EquinoxBundle.startWorker0(EquinoxBundle.java:1032)
	at org.eclipse.osgi.internal.framework.EquinoxBundle$EquinoxModule.startWorker(EquinoxBundle.java:371)
	at org.eclipse.osgi.container.Module.doStart(Module.java:605)
	at org.eclipse.osgi.container.Module.start(Module.java:468)
	at org.eclipse.osgi.framework.util.SecureAction.start(SecureAction.java:513)
	at org.eclipse.osgi.internal.hooks.EclipseLazyStarter.postFindLocalClass(EclipseLazyStarter.java:117)
	at org.eclipse.osgi.internal.loader.classpath.ClasspathManager.findLocalClass(ClasspathManager.java:570)
	at org.eclipse.osgi.internal.loader.ModuleClassLoader.findLocalClass(ModuleClassLoader.java:335)
	at org.eclipse.osgi.internal.loader.BundleLoader.findLocalClass(BundleLoader.java:397)
	at org.eclipse.osgi.internal.loader.sources.SingleSourcePackage.loadClass(SingleSourcePackage.java:41)
	at org.eclipse.osgi.internal.loader.BundleLoader.findClass0(BundleLoader.java:496)
	at org.eclipse.osgi.internal.loader.BundleLoader.findClass(BundleLoader.java:416)
	at org.eclipse.osgi.internal.loader.ModuleClassLoader.loadClass(ModuleClassLoader.java:168)
	at java.base/java.lang.ClassLoader.loadClass(ClassLoader.java:520)
	at org.eclipse.ui.internal.ide.application.IDEApplication.start(IDEApplication.java:153)
	at org.eclipse.equinox.internal.app.EclipseAppHandle.run(EclipseAppHandle.java:203)
	at org.eclipse.core.runtime.internal.adaptor.EclipseAppLauncher.runApplication(EclipseAppLauncher.java:136)
	at org.eclipse.core.runtime.internal.adaptor.EclipseAppLauncher.start(EclipseAppLauncher.java:104)
	at org.eclipse.core.runtime.adaptor.EclipseStarter.run(EclipseStarter.java:402)
	at org.eclipse.core.runtime.adaptor.EclipseStarter.run(EclipseStarter.java:255)
	at java.base/jdk.internal.reflect.NativeMethodAccessorImpl.invoke0(Native Method)
	at java.base/jdk.internal.reflect.NativeMethodAccessorImpl.invoke(NativeMethodAccessorImpl.java:77)
	at java.base/jdk.internal.reflect.DelegatingMethodAccessorImpl.invoke(DelegatingMethodAccessorImpl.java:43)
	at java.base/java.lang.reflect.Method.invoke(Method.java:568)
	at org.eclipse.equinox.launcher.Main.invokeFramework(Main.java:659)
	at org.eclipse.equinox.launcher.Main.basicRun(Main.java:596)
	at org.eclipse.equinox.launcher.Main.run(Main.java:1467)
!SUBENTRY 2 org.eclipse.core.resources 4 567 2022-11-22 21:45:19.037
!MESSAGE The project description file (.project) for '.org.eclipse.egit.core.cmp' is missing.  This file contains important information about the project.  The project will not function properly until this file is restored.
!STACK 0
java.lang.Exception: The project description file (.project) for '.org.eclipse.egit.core.cmp' is missing.  This file contains important information about the project.  The project will not function properly until this file is restored.
	at org.eclipse.core.internal.resources.ResourceException.provideStackTrace(ResourceException.java:42)
	at org.eclipse.core.internal.resources.ResourceException.<init>(ResourceException.java:38)
	at org.eclipse.core.internal.localstore.FileSystemResourceManager.read(FileSystemResourceManager.java:908)
	at org.eclipse.core.internal.resources.SaveManager.restoreMetaInfo(SaveManager.java:895)
	at org.eclipse.core.internal.resources.SaveManager.restoreMetaInfo(SaveManager.java:875)
	at org.eclipse.core.internal.resources.SaveManager.restore(SaveManager.java:731)
	at org.eclipse.core.internal.resources.SaveManager.startup(SaveManager.java:1587)
	at org.eclipse.core.internal.resources.Workspace.startup(Workspace.java:2547)
	at org.eclipse.core.internal.resources.Workspace.open(Workspace.java:2252)
	at org.eclipse.core.resources.ResourcesPlugin$WorkspaceInitCustomizer.addingService(ResourcesPlugin.java:571)
	at org.eclipse.core.resources.ResourcesPlugin$WorkspaceInitCustomizer.addingService(ResourcesPlugin.java:1)
	at org.osgi.util.tracker.ServiceTracker$Tracked.customizerAdding(ServiceTracker.java:943)
	at org.osgi.util.tracker.ServiceTracker$Tracked.customizerAdding(ServiceTracker.java:1)
	at org.osgi.util.tracker.AbstractTracked.trackAdding(AbstractTracked.java:256)
	at org.osgi.util.tracker.AbstractTracked.trackInitial(AbstractTracked.java:183)
	at org.osgi.util.tracker.ServiceTracker.open(ServiceTracker.java:321)
	at org.osgi.util.tracker.ServiceTracker.open(ServiceTracker.java:264)
	at org.eclipse.core.resources.ResourcesPlugin.start(ResourcesPlugin.java:545)
	at org.eclipse.osgi.internal.framework.BundleContextImpl$2.run(BundleContextImpl.java:818)
	at org.eclipse.osgi.internal.framework.BundleContextImpl$2.run(BundleContextImpl.java:1)
	at java.base/java.security.AccessController.doPrivileged(AccessController.java:569)
	at org.eclipse.osgi.internal.framework.BundleContextImpl.startActivator(BundleContextImpl.java:810)
	at org.eclipse.osgi.internal.framework.BundleContextImpl.start(BundleContextImpl.java:767)
	at org.eclipse.osgi.internal.framework.EquinoxBundle.startWorker0(EquinoxBundle.java:1032)
	at org.eclipse.osgi.internal.framework.EquinoxBundle$EquinoxModule.startWorker(EquinoxBundle.java:371)
	at org.eclipse.osgi.container.Module.doStart(Module.java:605)
	at org.eclipse.osgi.container.Module.start(Module.java:468)
	at org.eclipse.osgi.framework.util.SecureAction.start(SecureAction.java:513)
	at org.eclipse.osgi.internal.hooks.EclipseLazyStarter.postFindLocalClass(EclipseLazyStarter.java:117)
	at org.eclipse.osgi.internal.loader.classpath.ClasspathManager.findLocalClass(ClasspathManager.java:570)
	at org.eclipse.osgi.internal.loader.ModuleClassLoader.findLocalClass(ModuleClassLoader.java:335)
	at org.eclipse.osgi.internal.loader.BundleLoader.findLocalClass(BundleLoader.java:397)
	at org.eclipse.osgi.internal.loader.sources.SingleSourcePackage.loadClass(SingleSourcePackage.java:41)
	at org.eclipse.osgi.internal.loader.BundleLoader.findClass0(BundleLoader.java:496)
	at org.eclipse.osgi.internal.loader.BundleLoader.findClass(BundleLoader.java:416)
	at org.eclipse.osgi.internal.loader.ModuleClassLoader.loadClass(ModuleClassLoader.java:168)
	at java.base/java.lang.ClassLoader.loadClass(ClassLoader.java:520)
	at org.eclipse.ui.internal.ide.application.IDEApplication.start(IDEApplication.java:153)
	at org.eclipse.equinox.internal.app.EclipseAppHandle.run(EclipseAppHandle.java:203)
	at org.eclipse.core.runtime.internal.adaptor.EclipseAppLauncher.runApplication(EclipseAppLauncher.java:136)
	at org.eclipse.core.runtime.internal.adaptor.EclipseAppLauncher.start(EclipseAppLauncher.java:104)
	at org.eclipse.core.runtime.adaptor.EclipseStarter.run(EclipseStarter.java:402)
	at org.eclipse.core.runtime.adaptor.EclipseStarter.run(EclipseStarter.java:255)
	at java.base/jdk.internal.reflect.NativeMethodAccessorImpl.invoke0(Native Method)
	at java.base/jdk.internal.reflect.NativeMethodAccessorImpl.invoke(NativeMethodAccessorImpl.java:77)
	at java.base/jdk.internal.reflect.DelegatingMethodAccessorImpl.invoke(DelegatingMethodAccessorImpl.java:43)
	at java.base/java.lang.reflect.Method.invoke(Method.java:568)
	at org.eclipse.equinox.launcher.Main.invokeFramework(Main.java:659)
	at org.eclipse.equinox.launcher.Main.basicRun(Main.java:596)
	at org.eclipse.equinox.launcher.Main.run(Main.java:1467)
!SUBENTRY 1 org.eclipse.core.resources 4 567 2022-11-22 21:45:19.038
!MESSAGE Could not read metadata for 'TP2'.
!STACK 1
org.eclipse.core.internal.resources.ResourceException(/TP2)[567]: java.lang.Exception: The project description file (.project) for 'TP2' is missing.  This file contains important information about the project.  The project will not function properly until this file is restored.
	at org.eclipse.core.internal.resources.ResourceException.provideStackTrace(ResourceException.java:42)
	at org.eclipse.core.internal.resources.ResourceException.<init>(ResourceException.java:38)
	at org.eclipse.core.internal.localstore.FileSystemResourceManager.read(FileSystemResourceManager.java:908)
	at org.eclipse.core.internal.resources.SaveManager.restoreMetaInfo(SaveManager.java:895)
	at org.eclipse.core.internal.resources.SaveManager.restoreMetaInfo(SaveManager.java:875)
	at org.eclipse.core.internal.resources.SaveManager.restore(SaveManager.java:731)
	at org.eclipse.core.internal.resources.SaveManager.startup(SaveManager.java:1587)
	at org.eclipse.core.internal.resources.Workspace.startup(Workspace.java:2547)
	at org.eclipse.core.internal.resources.Workspace.open(Workspace.java:2252)
	at org.eclipse.core.resources.ResourcesPlugin$WorkspaceInitCustomizer.addingService(ResourcesPlugin.java:571)
	at org.eclipse.core.resources.ResourcesPlugin$WorkspaceInitCustomizer.addingService(ResourcesPlugin.java:1)
	at org.osgi.util.tracker.ServiceTracker$Tracked.customizerAdding(ServiceTracker.java:943)
	at org.osgi.util.tracker.ServiceTracker$Tracked.customizerAdding(ServiceTracker.java:1)
	at org.osgi.util.tracker.AbstractTracked.trackAdding(AbstractTracked.java:256)
	at org.osgi.util.tracker.AbstractTracked.trackInitial(AbstractTracked.java:183)
	at org.osgi.util.tracker.ServiceTracker.open(ServiceTracker.java:321)
	at org.osgi.util.tracker.ServiceTracker.open(ServiceTracker.java:264)
	at org.eclipse.core.resources.ResourcesPlugin.start(ResourcesPlugin.java:545)
	at org.eclipse.osgi.internal.framework.BundleContextImpl$2.run(BundleContextImpl.java:818)
	at org.eclipse.osgi.internal.framework.BundleContextImpl$2.run(BundleContextImpl.java:1)
	at java.base/java.security.AccessController.doPrivileged(AccessController.java:569)
	at org.eclipse.osgi.internal.framework.BundleContextImpl.startActivator(BundleContextImpl.java:810)
	at org.eclipse.osgi.internal.framework.BundleContextImpl.start(BundleContextImpl.java:767)
	at org.eclipse.osgi.internal.framework.EquinoxBundle.startWorker0(EquinoxBundle.java:1032)
	at org.eclipse.osgi.internal.framework.EquinoxBundle$EquinoxModule.startWorker(EquinoxBundle.java:371)
	at org.eclipse.osgi.container.Module.doStart(Module.java:605)
	at org.eclipse.osgi.container.Module.start(Module.java:468)
	at org.eclipse.osgi.framework.util.SecureAction.start(SecureAction.java:513)
	at org.eclipse.osgi.internal.hooks.EclipseLazyStarter.postFindLocalClass(EclipseLazyStarter.java:117)
	at org.eclipse.osgi.internal.loader.classpath.ClasspathManager.findLocalClass(ClasspathManager.java:570)
	at org.eclipse.osgi.internal.loader.ModuleClassLoader.findLocalClass(ModuleClassLoader.java:335)
	at org.eclipse.osgi.internal.loader.BundleLoader.findLocalClass(BundleLoader.java:397)
	at org.eclipse.osgi.internal.loader.sources.SingleSourcePackage.loadClass(SingleSourcePackage.java:41)
	at org.eclipse.osgi.internal.loader.BundleLoader.findClass0(BundleLoader.java:496)
	at org.eclipse.osgi.internal.loader.BundleLoader.findClass(BundleLoader.java:416)
	at org.eclipse.osgi.internal.loader.ModuleClassLoader.loadClass(ModuleClassLoader.java:168)
	at java.base/java.lang.ClassLoader.loadClass(ClassLoader.java:520)
	at org.eclipse.ui.internal.ide.application.IDEApplication.start(IDEApplication.java:153)
	at org.eclipse.equinox.internal.app.EclipseAppHandle.run(EclipseAppHandle.java:203)
	at org.eclipse.core.runtime.internal.adaptor.EclipseAppLauncher.runApplication(EclipseAppLauncher.java:136)
	at org.eclipse.core.runtime.internal.adaptor.EclipseAppLauncher.start(EclipseAppLauncher.java:104)
	at org.eclipse.core.runtime.adaptor.EclipseStarter.run(EclipseStarter.java:402)
	at org.eclipse.core.runtime.adaptor.EclipseStarter.run(EclipseStarter.java:255)
	at java.base/jdk.internal.reflect.NativeMethodAccessorImpl.invoke0(Native Method)
	at java.base/jdk.internal.reflect.NativeMethodAccessorImpl.invoke(NativeMethodAccessorImpl.java:77)
	at java.base/jdk.internal.reflect.DelegatingMethodAccessorImpl.invoke(DelegatingMethodAccessorImpl.java:43)
	at java.base/java.lang.reflect.Method.invoke(Method.java:568)
	at org.eclipse.equinox.launcher.Main.invokeFramework(Main.java:659)
	at org.eclipse.equinox.launcher.Main.basicRun(Main.java:596)
	at org.eclipse.equinox.launcher.Main.run(Main.java:1467)
!SUBENTRY 2 org.eclipse.core.resources 4 567 2022-11-22 21:45:19.038
!MESSAGE The project description file (.project) for 'TP2' is missing.  This file contains important information about the project.  The project will not function properly until this file is restored.
!STACK 0
java.lang.Exception: The project description file (.project) for 'TP2' is missing.  This file contains important information about the project.  The project will not function properly until this file is restored.
	at org.eclipse.core.internal.resources.ResourceException.provideStackTrace(ResourceException.java:42)
	at org.eclipse.core.internal.resources.ResourceException.<init>(ResourceException.java:38)
	at org.eclipse.core.internal.localstore.FileSystemResourceManager.read(FileSystemResourceManager.java:908)
	at org.eclipse.core.internal.resources.SaveManager.restoreMetaInfo(SaveManager.java:895)
	at org.eclipse.core.internal.resources.SaveManager.restoreMetaInfo(SaveManager.java:875)
	at org.eclipse.core.internal.resources.SaveManager.restore(SaveManager.java:731)
	at org.eclipse.core.internal.resources.SaveManager.startup(SaveManager.java:1587)
	at org.eclipse.core.internal.resources.Workspace.startup(Workspace.java:2547)
	at org.eclipse.core.internal.resources.Workspace.open(Workspace.java:2252)
	at org.eclipse.core.resources.ResourcesPlugin$WorkspaceInitCustomizer.addingService(ResourcesPlugin.java:571)
	at org.eclipse.core.resources.ResourcesPlugin$WorkspaceInitCustomizer.addingService(ResourcesPlugin.java:1)
	at org.osgi.util.tracker.ServiceTracker$Tracked.customizerAdding(ServiceTracker.java:943)
	at org.osgi.util.tracker.ServiceTracker$Tracked.customizerAdding(ServiceTracker.java:1)
	at org.osgi.util.tracker.AbstractTracked.trackAdding(AbstractTracked.java:256)
	at org.osgi.util.tracker.AbstractTracked.trackInitial(AbstractTracked.java:183)
	at org.osgi.util.tracker.ServiceTracker.open(ServiceTracker.java:321)
	at org.osgi.util.tracker.ServiceTracker.open(ServiceTracker.java:264)
	at org.eclipse.core.resources.ResourcesPlugin.start(ResourcesPlugin.java:545)
	at org.eclipse.osgi.internal.framework.BundleContextImpl$2.run(BundleContextImpl.java:818)
	at org.eclipse.osgi.internal.framework.BundleContextImpl$2.run(BundleContextImpl.java:1)
	at java.base/java.security.AccessController.doPrivileged(AccessController.java:569)
	at org.eclipse.osgi.internal.framework.BundleContextImpl.startActivator(BundleContextImpl.java:810)
	at org.eclipse.osgi.internal.framework.BundleContextImpl.start(BundleContextImpl.java:767)
	at org.eclipse.osgi.internal.framework.EquinoxBundle.startWorker0(EquinoxBundle.java:1032)
	at org.eclipse.osgi.internal.framework.EquinoxBundle$EquinoxModule.startWorker(EquinoxBundle.java:371)
	at org.eclipse.osgi.container.Module.doStart(Module.java:605)
	at org.eclipse.osgi.container.Module.start(Module.java:468)
	at org.eclipse.osgi.framework.util.SecureAction.start(SecureAction.java:513)
	at org.eclipse.osgi.internal.hooks.EclipseLazyStarter.postFindLocalClass(EclipseLazyStarter.java:117)
	at org.eclipse.osgi.internal.loader.classpath.ClasspathManager.findLocalClass(ClasspathManager.java:570)
	at org.eclipse.osgi.internal.loader.ModuleClassLoader.findLocalClass(ModuleClassLoader.java:335)
	at org.eclipse.osgi.internal.loader.BundleLoader.findLocalClass(BundleLoader.java:397)
	at org.eclipse.osgi.internal.loader.sources.SingleSourcePackage.loadClass(SingleSourcePackage.java:41)
	at org.eclipse.osgi.internal.loader.BundleLoader.findClass0(BundleLoader.java:496)
	at org.eclipse.osgi.internal.loader.BundleLoader.findClass(BundleLoader.java:416)
	at org.eclipse.osgi.internal.loader.ModuleClassLoader.loadClass(ModuleClassLoader.java:168)
	at java.base/java.lang.ClassLoader.loadClass(ClassLoader.java:520)
	at org.eclipse.ui.internal.ide.application.IDEApplication.start(IDEApplication.java:153)
	at org.eclipse.equinox.internal.app.EclipseAppHandle.run(EclipseAppHandle.java:203)
	at org.eclipse.core.runtime.internal.adaptor.EclipseAppLauncher.runApplication(EclipseAppLauncher.java:136)
	at org.eclipse.core.runtime.internal.adaptor.EclipseAppLauncher.start(EclipseAppLauncher.java:104)
	at org.eclipse.core.runtime.adaptor.EclipseStarter.run(EclipseStarter.java:402)
	at org.eclipse.core.runtime.adaptor.EclipseStarter.run(EclipseStarter.java:255)
	at java.base/jdk.internal.reflect.NativeMethodAccessorImpl.invoke0(Native Method)
	at java.base/jdk.internal.reflect.NativeMethodAccessorImpl.invoke(NativeMethodAccessorImpl.java:77)
	at java.base/jdk.internal.reflect.DelegatingMethodAccessorImpl.invoke(DelegatingMethodAccessorImpl.java:43)
	at java.base/java.lang.reflect.Method.invoke(Method.java:568)
	at org.eclipse.equinox.launcher.Main.invokeFramework(Main.java:659)
	at org.eclipse.equinox.launcher.Main.basicRun(Main.java:596)
	at org.eclipse.equinox.launcher.Main.run(Main.java:1467)

!ENTRY org.eclipse.jface 2 0 2022-11-22 21:45:28.662
!MESSAGE Keybinding conflicts occurred.  They may interfere with normal accelerator operation.
!SUBENTRY 1 org.eclipse.jface 2 0 2022-11-22 21:45:28.662
!MESSAGE A conflict occurred for CTRL+SHIFT+T:
Binding(CTRL+SHIFT+T,
	ParameterizedCommand(Command(org.eclipse.jdt.ui.navigate.open.type,Open Type,
		Open a type in a Java editor,
		Category(org.eclipse.ui.category.navigate,Navigate,null,true),
		WorkbenchHandlerServiceHandler("org.eclipse.jdt.ui.navigate.open.type"),
		,,true),null),
	org.eclipse.ui.defaultAcceleratorConfiguration,
	org.eclipse.ui.contexts.window,,,system)
Binding(CTRL+SHIFT+T,
	ParameterizedCommand(Command(org.eclipse.lsp4e.symbolinworkspace,Go to Symbol in Workspace,
		,
		Category(org.eclipse.lsp4e.category,Language Servers,null,true),
		WorkbenchHandlerServiceHandler("org.eclipse.lsp4e.symbolinworkspace"),
		,,true),null),
	org.eclipse.ui.defaultAcceleratorConfiguration,
	org.eclipse.ui.contexts.window,,,system)
!SUBENTRY 1 org.eclipse.jface 2 0 2022-11-22 21:45:28.662
!MESSAGE A conflict occurred for ALT+SHIFT+R:
Binding(ALT+SHIFT+R,
	ParameterizedCommand(Command(org.eclipse.jdt.ui.edit.text.java.rename.element,Rename - Refactoring ,
		Rename the selected element,
		Category(org.eclipse.jdt.ui.category.refactoring,Refactor - Java,Java Refactoring Actions,true),
		WorkbenchHandlerServiceHandler("org.eclipse.jdt.ui.edit.text.java.rename.element"),
		,,true),null),
	org.eclipse.ui.defaultAcceleratorConfiguration,
	org.eclipse.ui.contexts.window,,,system)
Binding(ALT+SHIFT+R,
	ParameterizedCommand(Command(org.eclipse.ui.edit.rename,Rename,
		Rename the selected item,
		Category(org.eclipse.ui.category.file,File,null,true),
		WorkbenchHandlerServiceHandler("org.eclipse.ui.edit.rename"),
		,,true),null),
	org.eclipse.ui.defaultAcceleratorConfiguration,
	org.eclipse.ui.contexts.window,,,system)

!ENTRY org.eclipse.egit.ui 2 0 2022-11-22 21:45:33.267
!MESSAGE Warning: The environment variable HOME is not set. The following directory will be used to store the Git
user global configuration and to define the default location to store repositories: 'C:\Users\agib3'. If this is
not correct please set the HOME environment variable and restart Eclipse. Otherwise Git for Windows and
EGit might behave differently since they see different configuration options.
This warning can be switched off on the Team > Git > Confirmations and Warnings preference page.

!ENTRY org.eclipse.core.resources 4 567 2022-11-22 21:45:42.402
!MESSAGE The project description file (.project) for 'TP2' is missing.  This file contains important information about the project.  The project will not function properly until this file is restored.
!STACK 0
java.lang.Exception: The project description file (.project) for 'TP2' is missing.  This file contains important information about the project.  The project will not function properly until this file is restored.
	at org.eclipse.core.internal.resources.ResourceException.provideStackTrace(ResourceException.java:42)
	at org.eclipse.core.internal.resources.ResourceException.<init>(ResourceException.java:38)
	at org.eclipse.core.internal.localstore.FileSystemResourceManager.read(FileSystemResourceManager.java:908)
	at org.eclipse.core.internal.resources.SaveManager.restoreMetaInfo(SaveManager.java:895)
	at org.eclipse.core.internal.resources.SaveManager.restore(SaveManager.java:770)
	at org.eclipse.core.internal.resources.Project.open(Project.java:1067)
	at org.eclipse.ui.actions.OpenResourceAction$1.doOpenWithReferences(OpenResourceAction.java:233)
	at org.eclipse.ui.actions.OpenResourceAction$1.runInWorkspace(OpenResourceAction.java:279)
	at org.eclipse.core.internal.resources.InternalWorkspaceJob.run(InternalWorkspaceJob.java:43)
	at org.eclipse.core.internal.jobs.Worker.run(Worker.java:63)

!ENTRY org.eclipse.core.resources 4 567 2022-11-22 21:45:50.341
!MESSAGE The project description file (.project) for 'TP2' is missing.  This file contains important information about the project.  The project will not function properly until this file is restored.
!STACK 0
java.lang.Exception: The project description file (.project) for 'TP2' is missing.  This file contains important information about the project.  The project will not function properly until this file is restored.
	at org.eclipse.core.internal.resources.ResourceException.provideStackTrace(ResourceException.java:42)
	at org.eclipse.core.internal.resources.ResourceException.<init>(ResourceException.java:38)
	at org.eclipse.core.internal.localstore.FileSystemResourceManager.read(FileSystemResourceManager.java:908)
	at org.eclipse.core.internal.resources.SaveManager.restoreMetaInfo(SaveManager.java:895)
	at org.eclipse.core.internal.resources.SaveManager.restore(SaveManager.java:770)
	at org.eclipse.core.internal.resources.Project.open(Project.java:1067)
	at org.eclipse.ui.actions.OpenResourceAction$1.doOpenWithReferences(OpenResourceAction.java:233)
	at org.eclipse.ui.actions.OpenResourceAction$1.runInWorkspace(OpenResourceAction.java:279)
	at org.eclipse.core.internal.resources.InternalWorkspaceJob.run(InternalWorkspaceJob.java:43)
	at org.eclipse.core.internal.jobs.Worker.run(Worker.java:63)

!ENTRY org.eclipse.jdt.core 4 4 2022-11-22 21:47:07.135
!MESSAGE Failed to save JDT index: Index for /TP2
!STACK 0
java.io.FileNotFoundException: C:\Users\agib3\OneDrive\2022-2023-UPSSITECH_1A\PROGRAMMATION_ORIENTEE_OBJET\.metadata\.plugins\org.eclipse.jdt.core\3108431294.index (Le fichier spcifi est introuvable)
	at java.base/java.io.FileInputStream.open0(Native Method)
	at java.base/java.io.FileInputStream.open(FileInputStream.java:216)
	at java.base/java.io.FileInputStream.<init>(FileInputStream.java:157)
	at org.eclipse.jdt.internal.core.index.FileIndexLocation.getInputStream(FileIndexLocation.java:81)
	at org.eclipse.jdt.internal.core.index.DiskIndex.readAllDocumentNames(DiskIndex.java:630)
	at org.eclipse.jdt.internal.core.index.DiskIndex.mergeWith(DiskIndex.java:532)
	at org.eclipse.jdt.internal.core.index.Index.save(Index.java:230)
	at org.eclipse.jdt.internal.core.search.indexing.IndexManager.saveIndex(IndexManager.java:1150)
	at org.eclipse.jdt.internal.core.search.indexing.IndexManager.saveIndexes(IndexManager.java:1209)
	at org.eclipse.jdt.internal.core.search.indexing.IndexManager.notifyIdle(IndexManager.java:826)
	at org.eclipse.jdt.internal.core.search.processing.JobManager.run(JobManager.java:458)
	at java.base/java.lang.Thread.run(Thread.java:833)

!ENTRY org.eclipse.jdt.core 4 0 2022-11-22 21:47:07.140
!MESSAGE Failed to update qualified index.
!STACK 0
java.io.UTFDataFormatException
	at org.eclipse.jdt.internal.core.index.DiskIndex.readStreamChars(DiskIndex.java:983)
	at org.eclipse.jdt.internal.core.index.DiskIndex.readChunk(DiskIndex.java:755)
	at org.eclipse.jdt.internal.core.index.DiskIndex.readAllDocumentNames(DiskIndex.java:640)
	at org.eclipse.jdt.internal.core.index.DiskIndex.mergeWith(DiskIndex.java:532)
	at org.eclipse.jdt.internal.core.index.Index.save(Index.java:230)
	at org.eclipse.jdt.internal.core.index.MetaIndex.save(MetaIndex.java:100)
	at org.eclipse.jdt.internal.core.search.indexing.IndexManager.saveMetaIndex(IndexManager.java:1256)
	at org.eclipse.jdt.internal.core.search.indexing.IndexManager.saveIndexes(IndexManager.java:1232)
	at org.eclipse.jdt.internal.core.search.indexing.IndexManager.notifyIdle(IndexManager.java:826)
	at org.eclipse.jdt.internal.core.search.processing.JobManager.run(JobManager.java:458)
	at java.base/java.lang.Thread.run(Thread.java:833)

!ENTRY org.eclipse.jdt.core 4 4 2022-11-22 21:47:09.131
!MESSAGE Failed to save JDT index: Index for /TP2
!STACK 0
java.io.FileNotFoundException: C:\Users\agib3\OneDrive\2022-2023-UPSSITECH_1A\PROGRAMMATION_ORIENTEE_OBJET\.metadata\.plugins\org.eclipse.jdt.core\3108431294.index (Le fichier spcifi est introuvable)
	at java.base/java.io.FileInputStream.open0(Native Method)
	at java.base/java.io.FileInputStream.open(FileInputStream.java:216)
	at java.base/java.io.FileInputStream.<init>(FileInputStream.java:157)
	at org.eclipse.jdt.internal.core.index.FileIndexLocation.getInputStream(FileIndexLocation.java:81)
	at org.eclipse.jdt.internal.core.index.DiskIndex.readAllDocumentNames(DiskIndex.java:630)
	at org.eclipse.jdt.internal.core.index.DiskIndex.mergeWith(DiskIndex.java:532)
	at org.eclipse.jdt.internal.core.index.Index.save(Index.java:230)
	at org.eclipse.jdt.internal.core.search.indexing.IndexManager.saveIndex(IndexManager.java:1150)
	at org.eclipse.jdt.internal.core.search.indexing.IndexManager.saveIndexes(IndexManager.java:1209)
	at org.eclipse.jdt.internal.core.search.indexing.IndexManager.notifyIdle(IndexManager.java:826)
	at org.eclipse.jdt.internal.core.search.processing.JobManager.run(JobManager.java:458)
	at java.base/java.lang.Thread.run(Thread.java:833)

!ENTRY org.eclipse.jdt.core 4 0 2022-11-22 21:47:09.132
!MESSAGE Failed to update qualified index.
!STACK 0
java.io.UTFDataFormatException
	at org.eclipse.jdt.internal.core.index.DiskIndex.readStreamChars(DiskIndex.java:983)
	at org.eclipse.jdt.internal.core.index.DiskIndex.readChunk(DiskIndex.java:755)
	at org.eclipse.jdt.internal.core.index.DiskIndex.readAllDocumentNames(DiskIndex.java:640)
	at org.eclipse.jdt.internal.core.index.DiskIndex.mergeWith(DiskIndex.java:532)
	at org.eclipse.jdt.internal.core.index.Index.save(Index.java:230)
	at org.eclipse.jdt.internal.core.index.MetaIndex.save(MetaIndex.java:100)
	at org.eclipse.jdt.internal.core.search.indexing.IndexManager.saveMetaIndex(IndexManager.java:1256)
	at org.eclipse.jdt.internal.core.search.indexing.IndexManager.saveIndexes(IndexManager.java:1232)
	at org.eclipse.jdt.internal.core.search.indexing.IndexManager.notifyIdle(IndexManager.java:826)
	at org.eclipse.jdt.internal.core.search.processing.JobManager.run(JobManager.java:458)
	at java.base/java.lang.Thread.run(Thread.java:833)
!SESSION 2022-11-23 08:03:05.366 -----------------------------------------------
eclipse.buildId=4.25.0.I20220831-1800
java.version=17.0.5
java.vendor=Eclipse Adoptium
BootLoader constants: OS=win32, ARCH=x86_64, WS=win32, NL=fr_FR
Framework arguments:  -product org.eclipse.epp.package.java.product
Command-line arguments:  -os win32 -ws win32 -arch x86_64 -product org.eclipse.epp.package.java.product

!ENTRY org.eclipse.core.resources 4 567 2022-11-23 08:03:12.073
!MESSAGE Workspace restored, but some problems occurred.
!SUBENTRY 1 org.eclipse.core.resources 4 567 2022-11-23 08:03:12.073
!MESSAGE Could not read metadata for '.org.eclipse.egit.core.cmp'.
!STACK 1
org.eclipse.core.internal.resources.ResourceException(/.org.eclipse.egit.core.cmp)[567]: java.lang.Exception: The project description file (.project) for '.org.eclipse.egit.core.cmp' is missing.  This file contains important information about the project.  The project will not function properly until this file is restored.
	at org.eclipse.core.internal.resources.ResourceException.provideStackTrace(ResourceException.java:42)
	at org.eclipse.core.internal.resources.ResourceException.<init>(ResourceException.java:38)
	at org.eclipse.core.internal.localstore.FileSystemResourceManager.read(FileSystemResourceManager.java:908)
	at org.eclipse.core.internal.resources.SaveManager.restoreMetaInfo(SaveManager.java:895)
	at org.eclipse.core.internal.resources.SaveManager.restoreMetaInfo(SaveManager.java:875)
	at org.eclipse.core.internal.resources.SaveManager.restore(SaveManager.java:731)
	at org.eclipse.core.internal.resources.SaveManager.startup(SaveManager.java:1587)
	at org.eclipse.core.internal.resources.Workspace.startup(Workspace.java:2547)
	at org.eclipse.core.internal.resources.Workspace.open(Workspace.java:2252)
	at org.eclipse.core.resources.ResourcesPlugin$WorkspaceInitCustomizer.addingService(ResourcesPlugin.java:571)
	at org.eclipse.core.resources.ResourcesPlugin$WorkspaceInitCustomizer.addingService(ResourcesPlugin.java:1)
	at org.osgi.util.tracker.ServiceTracker$Tracked.customizerAdding(ServiceTracker.java:943)
	at org.osgi.util.tracker.ServiceTracker$Tracked.customizerAdding(ServiceTracker.java:1)
	at org.osgi.util.tracker.AbstractTracked.trackAdding(AbstractTracked.java:256)
	at org.osgi.util.tracker.AbstractTracked.trackInitial(AbstractTracked.java:183)
	at org.osgi.util.tracker.ServiceTracker.open(ServiceTracker.java:321)
	at org.osgi.util.tracker.ServiceTracker.open(ServiceTracker.java:264)
	at org.eclipse.core.resources.ResourcesPlugin.start(ResourcesPlugin.java:545)
	at org.eclipse.osgi.internal.framework.BundleContextImpl$2.run(BundleContextImpl.java:818)
	at org.eclipse.osgi.internal.framework.BundleContextImpl$2.run(BundleContextImpl.java:1)
	at java.base/java.security.AccessController.doPrivileged(AccessController.java:569)
	at org.eclipse.osgi.internal.framework.BundleContextImpl.startActivator(BundleContextImpl.java:810)
	at org.eclipse.osgi.internal.framework.BundleContextImpl.start(BundleContextImpl.java:767)
	at org.eclipse.osgi.internal.framework.EquinoxBundle.startWorker0(EquinoxBundle.java:1032)
	at org.eclipse.osgi.internal.framework.EquinoxBundle$EquinoxModule.startWorker(EquinoxBundle.java:371)
	at org.eclipse.osgi.container.Module.doStart(Module.java:605)
	at org.eclipse.osgi.container.Module.start(Module.java:468)
	at org.eclipse.osgi.framework.util.SecureAction.start(SecureAction.java:513)
	at org.eclipse.osgi.internal.hooks.EclipseLazyStarter.postFindLocalClass(EclipseLazyStarter.java:117)
	at org.eclipse.osgi.internal.loader.classpath.ClasspathManager.findLocalClass(ClasspathManager.java:570)
	at org.eclipse.osgi.internal.loader.ModuleClassLoader.findLocalClass(ModuleClassLoader.java:335)
	at org.eclipse.osgi.internal.loader.BundleLoader.findLocalClass(BundleLoader.java:397)
	at org.eclipse.osgi.internal.loader.sources.SingleSourcePackage.loadClass(SingleSourcePackage.java:41)
	at org.eclipse.osgi.internal.loader.BundleLoader.findClass0(BundleLoader.java:496)
	at org.eclipse.osgi.internal.loader.BundleLoader.findClass(BundleLoader.java:416)
	at org.eclipse.osgi.internal.loader.ModuleClassLoader.loadClass(ModuleClassLoader.java:168)
	at java.base/java.lang.ClassLoader.loadClass(ClassLoader.java:520)
	at org.eclipse.ui.internal.ide.application.IDEApplication.start(IDEApplication.java:153)
	at org.eclipse.equinox.internal.app.EclipseAppHandle.run(EclipseAppHandle.java:203)
	at org.eclipse.core.runtime.internal.adaptor.EclipseAppLauncher.runApplication(EclipseAppLauncher.java:136)
	at org.eclipse.core.runtime.internal.adaptor.EclipseAppLauncher.start(EclipseAppLauncher.java:104)
	at org.eclipse.core.runtime.adaptor.EclipseStarter.run(EclipseStarter.java:402)
	at org.eclipse.core.runtime.adaptor.EclipseStarter.run(EclipseStarter.java:255)
	at java.base/jdk.internal.reflect.NativeMethodAccessorImpl.invoke0(Native Method)
	at java.base/jdk.internal.reflect.NativeMethodAccessorImpl.invoke(NativeMethodAccessorImpl.java:77)
	at java.base/jdk.internal.reflect.DelegatingMethodAccessorImpl.invoke(DelegatingMethodAccessorImpl.java:43)
	at java.base/java.lang.reflect.Method.invoke(Method.java:568)
	at org.eclipse.equinox.launcher.Main.invokeFramework(Main.java:659)
	at org.eclipse.equinox.launcher.Main.basicRun(Main.java:596)
	at org.eclipse.equinox.launcher.Main.run(Main.java:1467)
!SUBENTRY 2 org.eclipse.core.resources 4 567 2022-11-23 08:03:12.074
!MESSAGE The project description file (.project) for '.org.eclipse.egit.core.cmp' is missing.  This file contains important information about the project.  The project will not function properly until this file is restored.
!STACK 0
java.lang.Exception: The project description file (.project) for '.org.eclipse.egit.core.cmp' is missing.  This file contains important information about the project.  The project will not function properly until this file is restored.
	at org.eclipse.core.internal.resources.ResourceException.provideStackTrace(ResourceException.java:42)
	at org.eclipse.core.internal.resources.ResourceException.<init>(ResourceException.java:38)
	at org.eclipse.core.internal.localstore.FileSystemResourceManager.read(FileSystemResourceManager.java:908)
	at org.eclipse.core.internal.resources.SaveManager.restoreMetaInfo(SaveManager.java:895)
	at org.eclipse.core.internal.resources.SaveManager.restoreMetaInfo(SaveManager.java:875)
	at org.eclipse.core.internal.resources.SaveManager.restore(SaveManager.java:731)
	at org.eclipse.core.internal.resources.SaveManager.startup(SaveManager.java:1587)
	at org.eclipse.core.internal.resources.Workspace.startup(Workspace.java:2547)
	at org.eclipse.core.internal.resources.Workspace.open(Workspace.java:2252)
	at org.eclipse.core.resources.ResourcesPlugin$WorkspaceInitCustomizer.addingService(ResourcesPlugin.java:571)
	at org.eclipse.core.resources.ResourcesPlugin$WorkspaceInitCustomizer.addingService(ResourcesPlugin.java:1)
	at org.osgi.util.tracker.ServiceTracker$Tracked.customizerAdding(ServiceTracker.java:943)
	at org.osgi.util.tracker.ServiceTracker$Tracked.customizerAdding(ServiceTracker.java:1)
	at org.osgi.util.tracker.AbstractTracked.trackAdding(AbstractTracked.java:256)
	at org.osgi.util.tracker.AbstractTracked.trackInitial(AbstractTracked.java:183)
	at org.osgi.util.tracker.ServiceTracker.open(ServiceTracker.java:321)
	at org.osgi.util.tracker.ServiceTracker.open(ServiceTracker.java:264)
	at org.eclipse.core.resources.ResourcesPlugin.start(ResourcesPlugin.java:545)
	at org.eclipse.osgi.internal.framework.BundleContextImpl$2.run(BundleContextImpl.java:818)
	at org.eclipse.osgi.internal.framework.BundleContextImpl$2.run(BundleContextImpl.java:1)
	at java.base/java.security.AccessController.doPrivileged(AccessController.java:569)
	at org.eclipse.osgi.internal.framework.BundleContextImpl.startActivator(BundleContextImpl.java:810)
	at org.eclipse.osgi.internal.framework.BundleContextImpl.start(BundleContextImpl.java:767)
	at org.eclipse.osgi.internal.framework.EquinoxBundle.startWorker0(EquinoxBundle.java:1032)
	at org.eclipse.osgi.internal.framework.EquinoxBundle$EquinoxModule.startWorker(EquinoxBundle.java:371)
	at org.eclipse.osgi.container.Module.doStart(Module.java:605)
	at org.eclipse.osgi.container.Module.start(Module.java:468)
	at org.eclipse.osgi.framework.util.SecureAction.start(SecureAction.java:513)
	at org.eclipse.osgi.internal.hooks.EclipseLazyStarter.postFindLocalClass(EclipseLazyStarter.java:117)
	at org.eclipse.osgi.internal.loader.classpath.ClasspathManager.findLocalClass(ClasspathManager.java:570)
	at org.eclipse.osgi.internal.loader.ModuleClassLoader.findLocalClass(ModuleClassLoader.java:335)
	at org.eclipse.osgi.internal.loader.BundleLoader.findLocalClass(BundleLoader.java:397)
	at org.eclipse.osgi.internal.loader.sources.SingleSourcePackage.loadClass(SingleSourcePackage.java:41)
	at org.eclipse.osgi.internal.loader.BundleLoader.findClass0(BundleLoader.java:496)
	at org.eclipse.osgi.internal.loader.BundleLoader.findClass(BundleLoader.java:416)
	at org.eclipse.osgi.internal.loader.ModuleClassLoader.loadClass(ModuleClassLoader.java:168)
	at java.base/java.lang.ClassLoader.loadClass(ClassLoader.java:520)
	at org.eclipse.ui.internal.ide.application.IDEApplication.start(IDEApplication.java:153)
	at org.eclipse.equinox.internal.app.EclipseAppHandle.run(EclipseAppHandle.java:203)
	at org.eclipse.core.runtime.internal.adaptor.EclipseAppLauncher.runApplication(EclipseAppLauncher.java:136)
	at org.eclipse.core.runtime.internal.adaptor.EclipseAppLauncher.start(EclipseAppLauncher.java:104)
	at org.eclipse.core.runtime.adaptor.EclipseStarter.run(EclipseStarter.java:402)
	at org.eclipse.core.runtime.adaptor.EclipseStarter.run(EclipseStarter.java:255)
	at java.base/jdk.internal.reflect.NativeMethodAccessorImpl.invoke0(Native Method)
	at java.base/jdk.internal.reflect.NativeMethodAccessorImpl.invoke(NativeMethodAccessorImpl.java:77)
	at java.base/jdk.internal.reflect.DelegatingMethodAccessorImpl.invoke(DelegatingMethodAccessorImpl.java:43)
	at java.base/java.lang.reflect.Method.invoke(Method.java:568)
	at org.eclipse.equinox.launcher.Main.invokeFramework(Main.java:659)
	at org.eclipse.equinox.launcher.Main.basicRun(Main.java:596)
	at org.eclipse.equinox.launcher.Main.run(Main.java:1467)

!ENTRY org.eclipse.jface 2 0 2022-11-23 08:03:18.894
!MESSAGE Keybinding conflicts occurred.  They may interfere with normal accelerator operation.
!SUBENTRY 1 org.eclipse.jface 2 0 2022-11-23 08:03:18.894
!MESSAGE A conflict occurred for CTRL+SHIFT+T:
Binding(CTRL+SHIFT+T,
	ParameterizedCommand(Command(org.eclipse.jdt.ui.navigate.open.type,Open Type,
		Open a type in a Java editor,
		Category(org.eclipse.ui.category.navigate,Navigate,null,true),
		WorkbenchHandlerServiceHandler("org.eclipse.jdt.ui.navigate.open.type"),
		,,true),null),
	org.eclipse.ui.defaultAcceleratorConfiguration,
	org.eclipse.ui.contexts.window,,,system)
Binding(CTRL+SHIFT+T,
	ParameterizedCommand(Command(org.eclipse.lsp4e.symbolinworkspace,Go to Symbol in Workspace,
		,
		Category(org.eclipse.lsp4e.category,Language Servers,null,true),
		WorkbenchHandlerServiceHandler("org.eclipse.lsp4e.symbolinworkspace"),
		,,true),null),
	org.eclipse.ui.defaultAcceleratorConfiguration,
	org.eclipse.ui.contexts.window,,,system)
!SUBENTRY 1 org.eclipse.jface 2 0 2022-11-23 08:03:18.894
!MESSAGE A conflict occurred for ALT+SHIFT+R:
Binding(ALT+SHIFT+R,
	ParameterizedCommand(Command(org.eclipse.jdt.ui.edit.text.java.rename.element,Rename - Refactoring ,
		Rename the selected element,
		Category(org.eclipse.jdt.ui.category.refactoring,Refactor - Java,Java Refactoring Actions,true),
		WorkbenchHandlerServiceHandler("org.eclipse.jdt.ui.edit.text.java.rename.element"),
		,,true),null),
	org.eclipse.ui.defaultAcceleratorConfiguration,
	org.eclipse.ui.contexts.window,,,system)
Binding(ALT+SHIFT+R,
	ParameterizedCommand(Command(org.eclipse.ui.edit.rename,Rename,
		Rename the selected item,
		Category(org.eclipse.ui.category.file,File,null,true),
		WorkbenchHandlerServiceHandler("org.eclipse.ui.edit.rename"),
		,,true),null),
	org.eclipse.ui.defaultAcceleratorConfiguration,
	org.eclipse.ui.contexts.window,,,system)

!ENTRY org.eclipse.egit.ui 2 0 2022-11-23 08:03:23.611
!MESSAGE Warning: The environment variable HOME is not set. The following directory will be used to store the Git
user global configuration and to define the default location to store repositories: 'C:\Users\agib3'. If this is
not correct please set the HOME environment variable and restart Eclipse. Otherwise Git for Windows and
EGit might behave differently since they see different configuration options.
This warning can be switched off on the Team > Git > Confirmations and Warnings preference page.
!SESSION 2022-11-23 08:03:58.550 -----------------------------------------------
eclipse.buildId=4.25.0.I20220831-1800
java.version=17.0.5
java.vendor=Eclipse Adoptium
BootLoader constants: OS=win32, ARCH=x86_64, WS=win32, NL=fr_FR
Framework arguments:  -product org.eclipse.epp.package.java.product
Command-line arguments:  -os win32 -ws win32 -arch x86_64 -product org.eclipse.epp.package.java.product

!ENTRY org.eclipse.jface 2 0 2022-11-23 08:04:03.758
!MESSAGE Keybinding conflicts occurred.  They may interfere with normal accelerator operation.
!SUBENTRY 1 org.eclipse.jface 2 0 2022-11-23 08:04:03.758
!MESSAGE A conflict occurred for CTRL+SHIFT+T:
Binding(CTRL+SHIFT+T,
	ParameterizedCommand(Command(org.eclipse.jdt.ui.navigate.open.type,Open Type,
		Open a type in a Java editor,
		Category(org.eclipse.ui.category.navigate,Navigate,null,true),
		WorkbenchHandlerServiceHandler("org.eclipse.jdt.ui.navigate.open.type"),
		,,true),null),
	org.eclipse.ui.defaultAcceleratorConfiguration,
	org.eclipse.ui.contexts.window,,,system)
Binding(CTRL+SHIFT+T,
	ParameterizedCommand(Command(org.eclipse.lsp4e.symbolinworkspace,Go to Symbol in Workspace,
		,
		Category(org.eclipse.lsp4e.category,Language Servers,null,true),
		WorkbenchHandlerServiceHandler("org.eclipse.lsp4e.symbolinworkspace"),
		,,true),null),
	org.eclipse.ui.defaultAcceleratorConfiguration,
	org.eclipse.ui.contexts.window,,,system)
!SUBENTRY 1 org.eclipse.jface 2 0 2022-11-23 08:04:03.758
!MESSAGE A conflict occurred for ALT+SHIFT+R:
Binding(ALT+SHIFT+R,
	ParameterizedCommand(Command(org.eclipse.jdt.ui.edit.text.java.rename.element,Rename - Refactoring ,
		Rename the selected element,
		Category(org.eclipse.jdt.ui.category.refactoring,Refactor - Java,Java Refactoring Actions,true),
		WorkbenchHandlerServiceHandler("org.eclipse.jdt.ui.edit.text.java.rename.element"),
		,,true),null),
	org.eclipse.ui.defaultAcceleratorConfiguration,
	org.eclipse.ui.contexts.window,,,system)
Binding(ALT+SHIFT+R,
	ParameterizedCommand(Command(org.eclipse.ui.edit.rename,Rename,
		Rename the selected item,
		Category(org.eclipse.ui.category.file,File,null,true),
		WorkbenchHandlerServiceHandler("org.eclipse.ui.edit.rename"),
		,,true),null),
	org.eclipse.ui.defaultAcceleratorConfiguration,
	org.eclipse.ui.contexts.window,,,system)

!ENTRY org.eclipse.egit.ui 2 0 2022-11-23 08:04:06.887
!MESSAGE Warning: The environment variable HOME is not set. The following directory will be used to store the Git
user global configuration and to define the default location to store repositories: 'C:\Users\agib3'. If this is
not correct please set the HOME environment variable and restart Eclipse. Otherwise Git for Windows and
EGit might behave differently since they see different configuration options.
This warning can be switched off on the Team > Git > Confirmations and Warnings preference page.
